[2025-06-11T12:41:41.588+0000] {local_task_job_runner.py:123} INFO - ::group::Pre task execution logs
[2025-06-11T12:41:41.623+0000] {taskinstance.py:2614} INFO - Dependencies all met for dep_context=non-requeueable deps ti=<TaskInstance: nyc_taxi_ml_pipeline.check_model_size manual__2025-06-11T12:13:31.335012+00:00 [queued]>
[2025-06-11T12:41:41.636+0000] {taskinstance.py:2614} INFO - Dependencies all met for dep_context=requeueable deps ti=<TaskInstance: nyc_taxi_ml_pipeline.check_model_size manual__2025-06-11T12:13:31.335012+00:00 [queued]>
[2025-06-11T12:41:41.637+0000] {taskinstance.py:2867} INFO - Starting attempt 1 of 2
[2025-06-11T12:41:41.654+0000] {taskinstance.py:2890} INFO - Executing <Task(PythonOperator): check_model_size> on 2025-06-11 12:13:31.335012+00:00
[2025-06-11T12:41:41.674+0000] {warnings.py:112} WARNING - /home/***/.local/lib/python3.12/site-packages/***/task/task_runner/standard_task_runner.py:70: DeprecationWarning: This process (pid=1123) is multi-threaded, use of fork() may lead to deadlocks in the child.
  pid = os.fork()

[2025-06-11T12:41:41.676+0000] {standard_task_runner.py:72} INFO - Started process 1133 to run task
[2025-06-11T12:41:41.679+0000] {standard_task_runner.py:104} INFO - Running: ['***', 'tasks', 'run', 'nyc_taxi_ml_pipeline', 'check_model_size', 'manual__2025-06-11T12:13:31.335012+00:00', '--job-id', '17', '--raw', '--subdir', 'DAGS_FOLDER/dag_full.py', '--cfg-path', '/tmp/tmpzw8dx9mo']
[2025-06-11T12:41:41.682+0000] {standard_task_runner.py:105} INFO - Job 17: Subtask check_model_size
[2025-06-11T12:41:41.748+0000] {task_command.py:467} INFO - Running <TaskInstance: nyc_taxi_ml_pipeline.check_model_size manual__2025-06-11T12:13:31.335012+00:00 [running]> on host e64a68750d42
[2025-06-11T12:41:41.858+0000] {taskinstance.py:3134} INFO - Exporting env vars: AIRFLOW_CTX_DAG_OWNER='ml-team' AIRFLOW_CTX_DAG_ID='nyc_taxi_ml_pipeline' AIRFLOW_CTX_TASK_ID='check_model_size' AIRFLOW_CTX_EXECUTION_DATE='2025-06-11T12:13:31.335012+00:00' AIRFLOW_CTX_TRY_NUMBER='1' AIRFLOW_CTX_DAG_RUN_ID='manual__2025-06-11T12:13:31.335012+00:00'
[2025-06-11T12:41:41.859+0000] {taskinstance.py:732} INFO - ::endgroup::
[2025-06-11T12:41:41.875+0000] {logging_mixin.py:190} INFO - Checking model size in MLflow...
[2025-06-11T12:41:41.889+0000] {logging_mixin.py:190} INFO - Linear model run_id: b88ca53da79b434aba69a3756c8da1fe
[2025-06-11T12:41:41.890+0000] {logging_mixin.py:190} INFO - Please check MLflow UI at http://localhost:5000 for model size details
[2025-06-11T12:41:41.890+0000] {logging_mixin.py:190} INFO - Navigate to the run and check the MLmodel file for 'model_size_bytes' field
[2025-06-11T12:41:41.891+0000] {python.py:240} INFO - Done. Returned value was: Check MLflow UI for model size
[2025-06-11T12:41:41.921+0000] {taskinstance.py:341} INFO - ::group::Post task execution logs
[2025-06-11T12:41:41.922+0000] {taskinstance.py:353} INFO - Marking task as SUCCESS. dag_id=nyc_taxi_ml_pipeline, task_id=check_model_size, run_id=manual__2025-06-11T12:13:31.335012+00:00, execution_date=20250611T121331, start_date=20250611T124141, end_date=20250611T124141
[2025-06-11T12:41:42.011+0000] {local_task_job_runner.py:266} INFO - Task exited with return code 0
[2025-06-11T12:41:42.049+0000] {taskinstance.py:3901} INFO - 0 downstream tasks scheduled from follow-on schedule check
[2025-06-11T12:41:42.050+0000] {local_task_job_runner.py:245} INFO - ::endgroup::
