[2025-06-11T12:13:37.301+0000] {local_task_job_runner.py:123} INFO - ::group::Pre task execution logs
[2025-06-11T12:13:37.329+0000] {taskinstance.py:2614} INFO - Dependencies all met for dep_context=non-requeueable deps ti=<TaskInstance: nyc_taxi_ml_pipeline.read_dataframe manual__2025-06-11T12:13:31.335012+00:00 [queued]>
[2025-06-11T12:13:37.340+0000] {taskinstance.py:2614} INFO - Dependencies all met for dep_context=requeueable deps ti=<TaskInstance: nyc_taxi_ml_pipeline.read_dataframe manual__2025-06-11T12:13:31.335012+00:00 [queued]>
[2025-06-11T12:13:37.340+0000] {taskinstance.py:2867} INFO - Starting attempt 1 of 2
[2025-06-11T12:13:37.360+0000] {taskinstance.py:2890} INFO - Executing <Task(PythonOperator): read_dataframe> on 2025-06-11 12:13:31.335012+00:00
[2025-06-11T12:13:37.377+0000] {warnings.py:112} WARNING - /home/***/.local/lib/python3.12/site-packages/***/task/task_runner/standard_task_runner.py:70: DeprecationWarning: This process (pid=869) is multi-threaded, use of fork() may lead to deadlocks in the child.
  pid = os.fork()

[2025-06-11T12:13:37.379+0000] {standard_task_runner.py:72} INFO - Started process 878 to run task
[2025-06-11T12:13:37.381+0000] {standard_task_runner.py:104} INFO - Running: ['***', 'tasks', 'run', 'nyc_taxi_ml_pipeline', 'read_dataframe', 'manual__2025-06-11T12:13:31.335012+00:00', '--job-id', '11', '--raw', '--subdir', 'DAGS_FOLDER/dag_full.py', '--cfg-path', '/tmp/tmp7b35m2fd']
[2025-06-11T12:13:37.384+0000] {standard_task_runner.py:105} INFO - Job 11: Subtask read_dataframe
[2025-06-11T12:13:37.445+0000] {task_command.py:467} INFO - Running <TaskInstance: nyc_taxi_ml_pipeline.read_dataframe manual__2025-06-11T12:13:31.335012+00:00 [running]> on host e64a68750d42
[2025-06-11T12:13:37.547+0000] {taskinstance.py:3134} INFO - Exporting env vars: AIRFLOW_CTX_DAG_OWNER='ml-team' AIRFLOW_CTX_DAG_ID='nyc_taxi_ml_pipeline' AIRFLOW_CTX_TASK_ID='read_dataframe' AIRFLOW_CTX_EXECUTION_DATE='2025-06-11T12:13:31.335012+00:00' AIRFLOW_CTX_TRY_NUMBER='1' AIRFLOW_CTX_DAG_RUN_ID='manual__2025-06-11T12:13:31.335012+00:00'
[2025-06-11T12:13:37.548+0000] {taskinstance.py:732} INFO - ::endgroup::
[2025-06-11T12:13:37.565+0000] {logging_mixin.py:190} INFO - Loading data from: https://d37ci6vzurychx.cloudfront.net/trip-data/yellow_tripdata_2023-03.parquet
[2025-06-11T12:14:25.294+0000] {logging_mixin.py:190} INFO - Number of records loaded: 3,403,766
[2025-06-11T12:14:27.121+0000] {python.py:240} INFO - Done. Returned value was: 3403766
[2025-06-11T12:14:27.149+0000] {taskinstance.py:341} INFO - ::group::Post task execution logs
[2025-06-11T12:14:27.150+0000] {taskinstance.py:353} INFO - Marking task as SUCCESS. dag_id=nyc_taxi_ml_pipeline, task_id=read_dataframe, run_id=manual__2025-06-11T12:13:31.335012+00:00, execution_date=20250611T121331, start_date=20250611T121337, end_date=20250611T121427
[2025-06-11T12:14:27.334+0000] {local_task_job_runner.py:266} INFO - Task exited with return code 0
[2025-06-11T12:14:27.347+0000] {local_task_job_runner.py:245} INFO - ::endgroup::
