[2025-06-11T12:05:36.997+0000] {local_task_job_runner.py:123} INFO - ::group::Pre task execution logs
[2025-06-11T12:05:37.029+0000] {taskinstance.py:2614} INFO - Dependencies all met for dep_context=non-requeueable deps ti=<TaskInstance: homework_taxi_pipeline.question_6_check_model_size manual__2025-06-11T12:01:19.497846+00:00 [queued]>
[2025-06-11T12:05:37.041+0000] {taskinstance.py:2614} INFO - Dependencies all met for dep_context=requeueable deps ti=<TaskInstance: homework_taxi_pipeline.question_6_check_model_size manual__2025-06-11T12:01:19.497846+00:00 [queued]>
[2025-06-11T12:05:37.041+0000] {taskinstance.py:2867} INFO - Starting attempt 1 of 2
[2025-06-11T12:05:37.056+0000] {taskinstance.py:2890} INFO - Executing <Task(PythonOperator): question_6_check_model_size> on 2025-06-11 12:01:19.497846+00:00
[2025-06-11T12:05:37.076+0000] {warnings.py:112} WARNING - /home/***/.local/lib/python3.12/site-packages/***/task/task_runner/standard_task_runner.py:70: DeprecationWarning: This process (pid=731) is multi-threaded, use of fork() may lead to deadlocks in the child.
  pid = os.fork()

[2025-06-11T12:05:37.078+0000] {standard_task_runner.py:72} INFO - Started process 740 to run task
[2025-06-11T12:05:37.080+0000] {standard_task_runner.py:104} INFO - Running: ['***', 'tasks', 'run', 'homework_taxi_pipeline', 'question_6_check_model_size', 'manual__2025-06-11T12:01:19.497846+00:00', '--job-id', '8', '--raw', '--subdir', 'DAGS_FOLDER/dag_homework.py', '--cfg-path', '/tmp/tmpjaxjyus2']
[2025-06-11T12:05:37.084+0000] {standard_task_runner.py:105} INFO - Job 8: Subtask question_6_check_model_size
[2025-06-11T12:05:37.149+0000] {task_command.py:467} INFO - Running <TaskInstance: homework_taxi_pipeline.question_6_check_model_size manual__2025-06-11T12:01:19.497846+00:00 [running]> on host e64a68750d42
[2025-06-11T12:05:37.257+0000] {taskinstance.py:3134} INFO - Exporting env vars: AIRFLOW_CTX_DAG_OWNER='homework' AIRFLOW_CTX_DAG_ID='homework_taxi_pipeline' AIRFLOW_CTX_TASK_ID='question_6_check_model_size' AIRFLOW_CTX_EXECUTION_DATE='2025-06-11T12:01:19.497846+00:00' AIRFLOW_CTX_TRY_NUMBER='1' AIRFLOW_CTX_DAG_RUN_ID='manual__2025-06-11T12:01:19.497846+00:00'
[2025-06-11T12:05:37.258+0000] {taskinstance.py:732} INFO - ::endgroup::
[2025-06-11T12:05:37.290+0000] {logging_mixin.py:190} INFO - Question 6: Check model size in MLflow
[2025-06-11T12:05:37.291+0000] {logging_mixin.py:190} INFO - ==================================================
[2025-06-11T12:05:37.291+0000] {logging_mixin.py:190} INFO - To find the model size:
[2025-06-11T12:05:37.291+0000] {logging_mixin.py:190} INFO - 1. Open MLflow UI at http://localhost:5000
[2025-06-11T12:05:37.291+0000] {logging_mixin.py:190} INFO - 2. Go to 'homework-taxi-experiment' experiment
[2025-06-11T12:05:37.292+0000] {logging_mixin.py:190} INFO - 3. Find run with ID: 10e90770e2ce425a8e7a57d92ca1a159
[2025-06-11T12:05:37.292+0000] {logging_mixin.py:190} INFO - 4. Click on the run
[2025-06-11T12:05:37.292+0000] {logging_mixin.py:190} INFO - 5. Go to 'Artifacts' tab
[2025-06-11T12:05:37.292+0000] {logging_mixin.py:190} INFO - 6. Navigate to 'models_mlflow' folder
[2025-06-11T12:05:37.293+0000] {logging_mixin.py:190} INFO - 7. Click on 'MLmodel' file
[2025-06-11T12:05:37.293+0000] {logging_mixin.py:190} INFO - 8. Look for 'model_size_bytes' field
[2025-06-11T12:05:37.293+0000] {logging_mixin.py:190} INFO - ==================================================
[2025-06-11T12:05:37.293+0000] {python.py:240} INFO - Done. Returned value was: Check MLflow UI for model size
[2025-06-11T12:05:37.327+0000] {taskinstance.py:341} INFO - ::group::Post task execution logs
[2025-06-11T12:05:37.327+0000] {taskinstance.py:353} INFO - Marking task as SUCCESS. dag_id=homework_taxi_pipeline, task_id=question_6_check_model_size, run_id=manual__2025-06-11T12:01:19.497846+00:00, execution_date=20250611T120119, start_date=20250611T120537, end_date=20250611T120537
[2025-06-11T12:05:37.413+0000] {local_task_job_runner.py:266} INFO - Task exited with return code 0
[2025-06-11T12:05:37.466+0000] {taskinstance.py:3901} INFO - 1 downstream tasks scheduled from follow-on schedule check
[2025-06-11T12:05:37.468+0000] {local_task_job_runner.py:245} INFO - ::endgroup::
