[2025-06-11T10:48:42.341+0000] {manager.py:483} INFO - Processing files using up to 2 processes at a time 
[2025-06-11T10:48:42.341+0000] {manager.py:484} INFO - Process each file at most once every 30 seconds
[2025-06-11T10:48:42.341+0000] {manager.py:485} INFO - Checking for new files in /opt/airflow/dags every 300 seconds
[2025-06-11T10:48:42.342+0000] {manager.py:821} INFO - Searching for files in /opt/airflow/dags
[2025-06-11T10:48:42.343+0000] {manager.py:824} INFO - There are 2 files in /opt/airflow/dags
[2025-06-11T10:48:42.438+0000] {manager.py:997} INFO - 
================================================================================
DAG File Processing Stats

File Path                            PID  Runtime      # DAGs    # Errors  Last Runtime    Last Run      Last # of DB Queries
---------------------------------  -----  ---------  --------  ----------  --------------  ----------  ----------------------
/opt/airflow/dags/dag_homework.py    592  0.04s             0           0                                                   0
/opt/airflow/dags/dag_full.py        593  0.02s             0           0                                                   0
================================================================================
[2025-06-11T10:49:12.788+0000] {manager.py:997} INFO - 
================================================================================
DAG File Processing Stats

File Path                          PID    Runtime      # DAGs    # Errors  Last Runtime    Last Run               Last # of DB Queries
---------------------------------  -----  ---------  --------  ----------  --------------  -------------------  ----------------------
/opt/airflow/dags/dag_homework.py                           1           0  4.20s           2025-06-11T10:48:46                      43
/opt/airflow/dags/dag_full.py                               1           0  4.19s           2025-06-11T10:48:46                      43
================================================================================
[2025-06-11T10:49:42.880+0000] {manager.py:997} INFO - 
================================================================================
DAG File Processing Stats

File Path                          PID    Runtime      # DAGs    # Errors  Last Runtime    Last Run               Last # of DB Queries
---------------------------------  -----  ---------  --------  ----------  --------------  -------------------  ----------------------
/opt/airflow/dags/dag_homework.py                           1           0  1.90s           2025-06-11T10:49:18                      10
/opt/airflow/dags/dag_full.py                               1           0  1.84s           2025-06-11T10:49:18                      10
================================================================================
[2025-06-11T10:50:13.158+0000] {manager.py:997} INFO - 
================================================================================
DAG File Processing Stats

File Path                          PID    Runtime      # DAGs    # Errors  Last Runtime    Last Run               Last # of DB Queries
---------------------------------  -----  ---------  --------  ----------  --------------  -------------------  ----------------------
/opt/airflow/dags/dag_homework.py                           1           0  2.10s           2025-06-11T10:49:51                      10
/opt/airflow/dags/dag_full.py                               1           0  2.08s           2025-06-11T10:49:51                      10
================================================================================
[2025-06-11T10:50:43.465+0000] {manager.py:997} INFO - 
================================================================================
DAG File Processing Stats

File Path                          PID    Runtime      # DAGs    # Errors  Last Runtime    Last Run               Last # of DB Queries
---------------------------------  -----  ---------  --------  ----------  --------------  -------------------  ----------------------
/opt/airflow/dags/dag_homework.py                           1           0  2.16s           2025-06-11T10:50:23                      10
/opt/airflow/dags/dag_full.py                               1           0  2.08s           2025-06-11T10:50:23                      10
================================================================================
[2025-06-11T10:51:13.508+0000] {manager.py:997} INFO - 
================================================================================
DAG File Processing Stats

File Path                          PID    Runtime      # DAGs    # Errors  Last Runtime    Last Run               Last # of DB Queries
---------------------------------  -----  ---------  --------  ----------  --------------  -------------------  ----------------------
/opt/airflow/dags/dag_homework.py                           1           0  1.83s           2025-06-11T10:50:55                      10
/opt/airflow/dags/dag_full.py                               1           0  1.82s           2025-06-11T10:50:55                      10
================================================================================
[2025-06-11T10:51:43.599+0000] {manager.py:997} INFO - 
================================================================================
DAG File Processing Stats

File Path                          PID    Runtime      # DAGs    # Errors  Last Runtime    Last Run               Last # of DB Queries
---------------------------------  -----  ---------  --------  ----------  --------------  -------------------  ----------------------
/opt/airflow/dags/dag_full.py                               1           0  2.00s           2025-06-11T10:51:27                      10
/opt/airflow/dags/dag_homework.py                           1           0  1.88s           2025-06-11T10:51:27                      10
================================================================================
[2025-06-11T10:52:13.682+0000] {manager.py:997} INFO - 
================================================================================
DAG File Processing Stats

File Path                          PID    Runtime      # DAGs    # Errors  Last Runtime    Last Run               Last # of DB Queries
---------------------------------  -----  ---------  --------  ----------  --------------  -------------------  ----------------------
/opt/airflow/dags/dag_full.py                               1           0  1.99s           2025-06-11T10:51:59                      10
/opt/airflow/dags/dag_homework.py                           1           0  1.87s           2025-06-11T10:51:59                      10
================================================================================
[2025-06-11T10:52:43.927+0000] {manager.py:997} INFO - 
================================================================================
DAG File Processing Stats

File Path                          PID    Runtime      # DAGs    # Errors  Last Runtime    Last Run               Last # of DB Queries
---------------------------------  -----  ---------  --------  ----------  --------------  -------------------  ----------------------
/opt/airflow/dags/dag_full.py                               1           0  2.10s           2025-06-11T10:52:31                      10
/opt/airflow/dags/dag_homework.py                           1           0  2.03s           2025-06-11T10:52:31                      10
================================================================================
[2025-06-11T10:53:14.296+0000] {manager.py:997} INFO - 
================================================================================
DAG File Processing Stats

File Path                          PID    Runtime      # DAGs    # Errors  Last Runtime    Last Run               Last # of DB Queries
---------------------------------  -----  ---------  --------  ----------  --------------  -------------------  ----------------------
/opt/airflow/dags/dag_homework.py                           1           0  2.15s           2025-06-11T10:53:04                      10
/opt/airflow/dags/dag_full.py                               1           0  2.14s           2025-06-11T10:53:04                      10
================================================================================
[2025-06-11T10:53:42.575+0000] {manager.py:821} INFO - Searching for files in /opt/airflow/dags
[2025-06-11T10:53:42.580+0000] {manager.py:824} INFO - There are 2 files in /opt/airflow/dags
[2025-06-11T10:53:44.617+0000] {manager.py:997} INFO - 
================================================================================
DAG File Processing Stats

File Path                          PID    Runtime      # DAGs    # Errors  Last Runtime    Last Run               Last # of DB Queries
---------------------------------  -----  ---------  --------  ----------  --------------  -------------------  ----------------------
/opt/airflow/dags/dag_full.py                               1           0  2.13s           2025-06-11T10:53:36                      10
/opt/airflow/dags/dag_homework.py                           1           0  2.08s           2025-06-11T10:53:36                      10
================================================================================
[2025-06-11T10:54:14.733+0000] {manager.py:997} INFO - 
================================================================================
DAG File Processing Stats

File Path                          PID    Runtime      # DAGs    # Errors  Last Runtime    Last Run               Last # of DB Queries
---------------------------------  -----  ---------  --------  ----------  --------------  -------------------  ----------------------
/opt/airflow/dags/dag_homework.py                           1           0  1.91s           2025-06-11T10:54:08                      10
/opt/airflow/dags/dag_full.py                               1           0  1.90s           2025-06-11T10:54:08                      10
================================================================================
[2025-06-11T10:54:44.919+0000] {manager.py:997} INFO - 
================================================================================
DAG File Processing Stats

File Path                          PID    Runtime      # DAGs    # Errors  Last Runtime    Last Run               Last # of DB Queries
---------------------------------  -----  ---------  --------  ----------  --------------  -------------------  ----------------------
/opt/airflow/dags/dag_homework.py                           1           0  1.98s           2025-06-11T10:54:40                      10
/opt/airflow/dags/dag_full.py                               1           0  1.95s           2025-06-11T10:54:40                      10
================================================================================
[2025-06-11T10:55:15.181+0000] {manager.py:997} INFO - 
================================================================================
DAG File Processing Stats

File Path                          PID    Runtime      # DAGs    # Errors  Last Runtime    Last Run               Last # of DB Queries
---------------------------------  -----  ---------  --------  ----------  --------------  -------------------  ----------------------
/opt/airflow/dags/dag_full.py                               1           0  2.13s           2025-06-11T10:55:13                      10
/opt/airflow/dags/dag_homework.py                           1           0  1.93s           2025-06-11T10:55:13                      10
================================================================================
[2025-06-11T10:55:45.254+0000] {manager.py:997} INFO - 
================================================================================
DAG File Processing Stats

File Path                            PID  Runtime      # DAGs    # Errors  Last Runtime    Last Run               Last # of DB Queries
---------------------------------  -----  ---------  --------  ----------  --------------  -------------------  ----------------------
/opt/airflow/dags/dag_full.py        911  1.83s             1           0  2.13s           2025-06-11T10:55:13                      10
/opt/airflow/dags/dag_homework.py                           1           0  1.85s           2025-06-11T10:55:45                      10
================================================================================
[2025-06-11T10:56:15.522+0000] {manager.py:997} INFO - 
================================================================================
DAG File Processing Stats

File Path                            PID  Runtime      # DAGs    # Errors  Last Runtime    Last Run               Last # of DB Queries
---------------------------------  -----  ---------  --------  ----------  --------------  -------------------  ----------------------
/opt/airflow/dags/dag_full.py        935  0.01s             1           0  1.86s           2025-06-11T10:55:45                      10
/opt/airflow/dags/dag_homework.py    934  0.04s             1           0  1.85s           2025-06-11T10:55:45                      10
================================================================================
[2025-06-11T10:56:45.863+0000] {manager.py:997} INFO - 
================================================================================
DAG File Processing Stats

File Path                          PID    Runtime      # DAGs    # Errors  Last Runtime    Last Run               Last # of DB Queries
---------------------------------  -----  ---------  --------  ----------  --------------  -------------------  ----------------------
/opt/airflow/dags/dag_full.py                               1           0  2.24s           2025-06-11T10:56:17                      10
/opt/airflow/dags/dag_homework.py                           1           0  2.19s           2025-06-11T10:56:17                      10
================================================================================
[2025-06-11T10:57:15.894+0000] {manager.py:997} INFO - 
================================================================================
DAG File Processing Stats

File Path                          PID    Runtime      # DAGs    # Errors  Last Runtime    Last Run               Last # of DB Queries
---------------------------------  -----  ---------  --------  ----------  --------------  -------------------  ----------------------
/opt/airflow/dags/dag_full.py                               1           0  1.90s           2025-06-11T10:56:49                      10
/opt/airflow/dags/dag_homework.py                           1           0  1.83s           2025-06-11T10:56:49                      10
================================================================================
[2025-06-11T10:57:46.287+0000] {manager.py:997} INFO - 
================================================================================
DAG File Processing Stats

File Path                          PID    Runtime      # DAGs    # Errors  Last Runtime    Last Run               Last # of DB Queries
---------------------------------  -----  ---------  --------  ----------  --------------  -------------------  ----------------------
/opt/airflow/dags/dag_full.py                               1           0  2.23s           2025-06-11T10:57:22                      10
/opt/airflow/dags/dag_homework.py                           1           0  2.18s           2025-06-11T10:57:22                      10
================================================================================
[2025-06-11T10:58:16.315+0000] {manager.py:997} INFO - 
================================================================================
DAG File Processing Stats

File Path                          PID    Runtime      # DAGs    # Errors  Last Runtime    Last Run               Last # of DB Queries
---------------------------------  -----  ---------  --------  ----------  --------------  -------------------  ----------------------
/opt/airflow/dags/dag_full.py                               1           0  1.84s           2025-06-11T10:57:54                      10
/opt/airflow/dags/dag_homework.py                           1           0  1.82s           2025-06-11T10:57:54                      10
================================================================================
[2025-06-11T10:58:43.292+0000] {manager.py:821} INFO - Searching for files in /opt/airflow/dags
[2025-06-11T10:58:43.296+0000] {manager.py:824} INFO - There are 2 files in /opt/airflow/dags
[2025-06-11T10:58:46.336+0000] {manager.py:997} INFO - 
================================================================================
DAG File Processing Stats

File Path                          PID    Runtime      # DAGs    # Errors  Last Runtime    Last Run               Last # of DB Queries
---------------------------------  -----  ---------  --------  ----------  --------------  -------------------  ----------------------
/opt/airflow/dags/dag_full.py                               1           0  1.82s           2025-06-11T10:58:26                      10
/opt/airflow/dags/dag_homework.py                           1           0  1.79s           2025-06-11T10:58:26                      10
================================================================================
[2025-06-11T10:59:16.401+0000] {manager.py:997} INFO - 
================================================================================
DAG File Processing Stats

File Path                          PID    Runtime      # DAGs    # Errors  Last Runtime    Last Run               Last # of DB Queries
---------------------------------  -----  ---------  --------  ----------  --------------  -------------------  ----------------------
/opt/airflow/dags/dag_homework.py                           1           0  1.85s           2025-06-11T10:58:58                      10
/opt/airflow/dags/dag_full.py                               1           0  1.85s           2025-06-11T10:58:58                      10
================================================================================
[2025-06-11T10:59:46.513+0000] {manager.py:997} INFO - 
================================================================================
DAG File Processing Stats

File Path                          PID    Runtime      # DAGs    # Errors  Last Runtime    Last Run               Last # of DB Queries
---------------------------------  -----  ---------  --------  ----------  --------------  -------------------  ----------------------
/opt/airflow/dags/dag_homework.py                           1           0  1.90s           2025-06-11T10:59:30                      10
/opt/airflow/dags/dag_full.py                               1           0  1.88s           2025-06-11T10:59:30                      10
================================================================================
[2025-06-11T11:00:16.645+0000] {manager.py:997} INFO - 
================================================================================
DAG File Processing Stats

File Path                          PID    Runtime      # DAGs    # Errors  Last Runtime    Last Run               Last # of DB Queries
---------------------------------  -----  ---------  --------  ----------  --------------  -------------------  ----------------------
/opt/airflow/dags/dag_full.py                               1           0  1.99s           2025-06-11T11:00:02                      10
/opt/airflow/dags/dag_homework.py                           1           0  1.92s           2025-06-11T11:00:02                      10
================================================================================
[2025-06-11T11:00:41.335+0000] {manager.py:465} INFO - Exiting gracefully upon receiving signal 15
[2025-06-11T11:59:41.987+0000] {manager.py:483} INFO - Processing files using up to 2 processes at a time 
[2025-06-11T11:59:41.988+0000] {manager.py:484} INFO - Process each file at most once every 30 seconds
[2025-06-11T11:59:41.988+0000] {manager.py:485} INFO - Checking for new files in /opt/airflow/dags every 300 seconds
[2025-06-11T11:59:41.988+0000] {manager.py:821} INFO - Searching for files in /opt/airflow/dags
[2025-06-11T11:59:41.992+0000] {manager.py:824} INFO - There are 2 files in /opt/airflow/dags
[2025-06-11T11:59:42.100+0000] {manager.py:997} INFO - 
================================================================================
DAG File Processing Stats

File Path                            PID  Runtime      # DAGs    # Errors  Last Runtime    Last Run      Last # of DB Queries
---------------------------------  -----  ---------  --------  ----------  --------------  ----------  ----------------------
/opt/airflow/dags/dag_homework.py    532  0.04s             0           0                                                   0
/opt/airflow/dags/dag_full.py        533  0.03s             0           0                                                   0
================================================================================
[2025-06-11T12:00:12.251+0000] {manager.py:997} INFO - 
================================================================================
DAG File Processing Stats

File Path                          PID    Runtime      # DAGs    # Errors  Last Runtime    Last Run               Last # of DB Queries
---------------------------------  -----  ---------  --------  ----------  --------------  -------------------  ----------------------
/opt/airflow/dags/dag_homework.py                           1           0  4.02s           2025-06-11T11:59:46                      10
/opt/airflow/dags/dag_full.py                               1           0  4.00s           2025-06-11T11:59:46                      10
================================================================================
[2025-06-11T12:00:42.515+0000] {manager.py:997} INFO - 
================================================================================
DAG File Processing Stats

File Path                          PID    Runtime      # DAGs    # Errors  Last Runtime    Last Run               Last # of DB Queries
---------------------------------  -----  ---------  --------  ----------  --------------  -------------------  ----------------------
/opt/airflow/dags/dag_full.py                               1           0  2.04s           2025-06-11T12:00:18                      10
/opt/airflow/dags/dag_homework.py                           1           0  2.04s           2025-06-11T12:00:18                      10
================================================================================
[2025-06-11T12:01:12.803+0000] {manager.py:997} INFO - 
================================================================================
DAG File Processing Stats

File Path                          PID    Runtime      # DAGs    # Errors  Last Runtime    Last Run               Last # of DB Queries
---------------------------------  -----  ---------  --------  ----------  --------------  -------------------  ----------------------
/opt/airflow/dags/dag_full.py                               1           0  2.13s           2025-06-11T12:00:50                      10
/opt/airflow/dags/dag_homework.py                           1           0  2.10s           2025-06-11T12:00:50                      10
================================================================================
[2025-06-11T12:01:43.224+0000] {manager.py:997} INFO - 
================================================================================
DAG File Processing Stats

File Path                          PID    Runtime      # DAGs    # Errors  Last Runtime    Last Run               Last # of DB Queries
---------------------------------  -----  ---------  --------  ----------  --------------  -------------------  ----------------------
/opt/airflow/dags/dag_full.py                               1           0  2.29s           2025-06-11T12:01:23                      10
/opt/airflow/dags/dag_homework.py                           1           0  2.22s           2025-06-11T12:01:23                      10
================================================================================
[2025-06-11T12:02:13.558+0000] {manager.py:997} INFO - 
================================================================================
DAG File Processing Stats

File Path                          PID    Runtime      # DAGs    # Errors  Last Runtime    Last Run               Last # of DB Queries
---------------------------------  -----  ---------  --------  ----------  --------------  -------------------  ----------------------
/opt/airflow/dags/dag_homework.py                           1           0  2.16s           2025-06-11T12:01:55                      10
/opt/airflow/dags/dag_full.py                               1           0  2.10s           2025-06-11T12:01:55                      10
================================================================================
[2025-06-11T12:02:43.848+0000] {manager.py:997} INFO - 
================================================================================
DAG File Processing Stats

File Path                          PID    Runtime      # DAGs    # Errors  Last Runtime    Last Run               Last # of DB Queries
---------------------------------  -----  ---------  --------  ----------  --------------  -------------------  ----------------------
/opt/airflow/dags/dag_full.py                               1           0  2.16s           2025-06-11T12:02:27                      10
/opt/airflow/dags/dag_homework.py                           1           0  2.08s           2025-06-11T12:02:27                      10
================================================================================
[2025-06-11T12:03:14.294+0000] {manager.py:997} INFO - 
================================================================================
DAG File Processing Stats

File Path                          PID    Runtime      # DAGs    # Errors  Last Runtime    Last Run               Last # of DB Queries
---------------------------------  -----  ---------  --------  ----------  --------------  -------------------  ----------------------
/opt/airflow/dags/dag_homework.py                           1           0  2.31s           2025-06-11T12:03:00                      10
/opt/airflow/dags/dag_full.py                               1           0  2.23s           2025-06-11T12:03:00                      10
================================================================================
[2025-06-11T12:03:44.341+0000] {manager.py:997} INFO - 
================================================================================
DAG File Processing Stats

File Path                          PID    Runtime      # DAGs    # Errors  Last Runtime    Last Run               Last # of DB Queries
---------------------------------  -----  ---------  --------  ----------  --------------  -------------------  ----------------------
/opt/airflow/dags/dag_homework.py                           1           0  2.86s           2025-06-11T12:03:33                      10
/opt/airflow/dags/dag_full.py                               1           0  2.84s           2025-06-11T12:03:33                      10
================================================================================
[2025-06-11T12:04:14.837+0000] {manager.py:997} INFO - 
================================================================================
DAG File Processing Stats

File Path                          PID    Runtime      # DAGs    # Errors  Last Runtime    Last Run               Last # of DB Queries
---------------------------------  -----  ---------  --------  ----------  --------------  -------------------  ----------------------
/opt/airflow/dags/dag_homework.py                           1           0  2.29s           2025-06-11T12:04:05                      10
/opt/airflow/dags/dag_full.py                               1           0  2.28s           2025-06-11T12:04:05                      10
================================================================================
[2025-06-11T12:04:42.139+0000] {manager.py:821} INFO - Searching for files in /opt/airflow/dags
[2025-06-11T12:04:42.151+0000] {manager.py:824} INFO - There are 2 files in /opt/airflow/dags
[2025-06-11T12:04:45.196+0000] {manager.py:997} INFO - 
================================================================================
DAG File Processing Stats

File Path                          PID    Runtime      # DAGs    # Errors  Last Runtime    Last Run               Last # of DB Queries
---------------------------------  -----  ---------  --------  ----------  --------------  -------------------  ----------------------
/opt/airflow/dags/dag_homework.py                           1           0  2.20s           2025-06-11T12:04:38                      10
/opt/airflow/dags/dag_full.py                               1           0  2.08s           2025-06-11T12:04:38                      10
================================================================================
[2025-06-11T12:05:15.957+0000] {manager.py:997} INFO - 
================================================================================
DAG File Processing Stats

File Path                          PID    Runtime      # DAGs    # Errors  Last Runtime    Last Run               Last # of DB Queries
---------------------------------  -----  ---------  --------  ----------  --------------  -------------------  ----------------------
/opt/airflow/dags/dag_homework.py                           1           0  2.57s           2025-06-11T12:05:10                      10
/opt/airflow/dags/dag_full.py                               1           0  2.52s           2025-06-11T12:05:10                      10
================================================================================
[2025-06-11T12:05:46.166+0000] {manager.py:997} INFO - 
================================================================================
DAG File Processing Stats

File Path                          PID    Runtime      # DAGs    # Errors  Last Runtime    Last Run               Last # of DB Queries
---------------------------------  -----  ---------  --------  ----------  --------------  -------------------  ----------------------
/opt/airflow/dags/dag_homework.py                           1           0  2.02s           2025-06-11T12:05:43                      10
/opt/airflow/dags/dag_full.py                               1           0  2.01s           2025-06-11T12:05:43                      10
================================================================================
[2025-06-11T12:06:16.410+0000] {manager.py:997} INFO - 
================================================================================
DAG File Processing Stats

File Path                          PID    Runtime      # DAGs    # Errors  Last Runtime    Last Run               Last # of DB Queries
---------------------------------  -----  ---------  --------  ----------  --------------  -------------------  ----------------------
/opt/airflow/dags/dag_homework.py                           1           0  2.03s           2025-06-11T12:06:15                      10
/opt/airflow/dags/dag_full.py                               1           0  2.00s           2025-06-11T12:06:15                      10
================================================================================
[2025-06-11T12:06:46.678+0000] {manager.py:997} INFO - 
================================================================================
DAG File Processing Stats

File Path                            PID  Runtime      # DAGs    # Errors  Last Runtime    Last Run               Last # of DB Queries
---------------------------------  -----  ---------  --------  ----------  --------------  -------------------  ----------------------
/opt/airflow/dags/dag_homework.py    852  1.05s             1           0  2.03s           2025-06-11T12:06:15                      10
/opt/airflow/dags/dag_full.py        853  1.02s             1           0  2.00s           2025-06-11T12:06:15                      10
================================================================================
[2025-06-11T12:07:16.764+0000] {manager.py:997} INFO - 
================================================================================
DAG File Processing Stats

File Path                          PID    Runtime      # DAGs    # Errors  Last Runtime    Last Run               Last # of DB Queries
---------------------------------  -----  ---------  --------  ----------  --------------  -------------------  ----------------------
/opt/airflow/dags/dag_full.py                               1           0  2.04s           2025-06-11T12:06:47                      10
/opt/airflow/dags/dag_homework.py                           1           0  1.93s           2025-06-11T12:06:47                      10
================================================================================
[2025-06-11T12:07:46.842+0000] {manager.py:997} INFO - 
================================================================================
DAG File Processing Stats

File Path                          PID    Runtime      # DAGs    # Errors  Last Runtime    Last Run               Last # of DB Queries
---------------------------------  -----  ---------  --------  ----------  --------------  -------------------  ----------------------
/opt/airflow/dags/dag_full.py                               1           0  1.91s           2025-06-11T12:07:19                      10
/opt/airflow/dags/dag_homework.py                           1           0  1.86s           2025-06-11T12:07:19                      10
================================================================================
[2025-06-11T12:08:16.910+0000] {manager.py:997} INFO - 
================================================================================
DAG File Processing Stats

File Path                          PID    Runtime      # DAGs    # Errors  Last Runtime    Last Run               Last # of DB Queries
---------------------------------  -----  ---------  --------  ----------  --------------  -------------------  ----------------------
/opt/airflow/dags/dag_full.py                               1           0  1.87s           2025-06-11T12:07:51                      10
/opt/airflow/dags/dag_homework.py                           1           0  1.85s           2025-06-11T12:07:51                      10
================================================================================
[2025-06-11T12:08:46.967+0000] {manager.py:997} INFO - 
================================================================================
DAG File Processing Stats

File Path                          PID    Runtime      # DAGs    # Errors  Last Runtime    Last Run               Last # of DB Queries
---------------------------------  -----  ---------  --------  ----------  --------------  -------------------  ----------------------
/opt/airflow/dags/dag_full.py                               1           0  1.90s           2025-06-11T12:08:23                      10
/opt/airflow/dags/dag_homework.py                           1           0  1.84s           2025-06-11T12:08:23                      10
================================================================================
[2025-06-11T12:09:17.260+0000] {manager.py:997} INFO - 
================================================================================
DAG File Processing Stats

File Path                          PID    Runtime      # DAGs    # Errors  Last Runtime    Last Run               Last # of DB Queries
---------------------------------  -----  ---------  --------  ----------  --------------  -------------------  ----------------------
/opt/airflow/dags/dag_full.py                               1           0  2.09s           2025-06-11T12:08:56                      10
/opt/airflow/dags/dag_homework.py                           1           0  2.07s           2025-06-11T12:08:56                      10
================================================================================
[2025-06-11T12:09:42.521+0000] {manager.py:821} INFO - Searching for files in /opt/airflow/dags
[2025-06-11T12:09:42.525+0000] {manager.py:824} INFO - There are 2 files in /opt/airflow/dags
[2025-06-11T12:09:47.577+0000] {manager.py:997} INFO - 
================================================================================
DAG File Processing Stats

File Path                          PID    Runtime      # DAGs    # Errors  Last Runtime    Last Run               Last # of DB Queries
---------------------------------  -----  ---------  --------  ----------  --------------  -------------------  ----------------------
/opt/airflow/dags/dag_homework.py                           1           0  2.15s           2025-06-11T12:09:28                      10
/opt/airflow/dags/dag_full.py                               1           0  2.06s           2025-06-11T12:09:28                      10
================================================================================
[2025-06-11T12:10:18.074+0000] {manager.py:997} INFO - 
================================================================================
DAG File Processing Stats

File Path                          PID    Runtime      # DAGs    # Errors  Last Runtime    Last Run               Last # of DB Queries
---------------------------------  -----  ---------  --------  ----------  --------------  -------------------  ----------------------
/opt/airflow/dags/dag_homework.py                           1           0  2.30s           2025-06-11T12:10:00                      10
/opt/airflow/dags/dag_full.py                               1           0  2.25s           2025-06-11T12:10:00                      10
================================================================================
[2025-06-11T12:10:48.210+0000] {manager.py:997} INFO - 
================================================================================
DAG File Processing Stats

File Path                          PID    Runtime      # DAGs    # Errors  Last Runtime    Last Run               Last # of DB Queries
---------------------------------  -----  ---------  --------  ----------  --------------  -------------------  ----------------------
/opt/airflow/dags/dag_full.py                               1           0  1.96s           2025-06-11T12:10:33                      10
/opt/airflow/dags/dag_homework.py                           1           0  1.93s           2025-06-11T12:10:33                      10
================================================================================
[2025-06-11T12:11:18.279+0000] {manager.py:997} INFO - 
================================================================================
DAG File Processing Stats

File Path                          PID    Runtime      # DAGs    # Errors  Last Runtime    Last Run               Last # of DB Queries
---------------------------------  -----  ---------  --------  ----------  --------------  -------------------  ----------------------
/opt/airflow/dags/dag_homework.py                           1           0  1.86s           2025-06-11T12:11:05                      10
/opt/airflow/dags/dag_full.py                               1           0  1.85s           2025-06-11T12:11:05                      10
================================================================================
[2025-06-11T12:11:48.334+0000] {manager.py:997} INFO - 
================================================================================
DAG File Processing Stats

File Path                          PID    Runtime      # DAGs    # Errors  Last Runtime    Last Run               Last # of DB Queries
---------------------------------  -----  ---------  --------  ----------  --------------  -------------------  ----------------------
/opt/airflow/dags/dag_homework.py                           1           0  1.83s           2025-06-11T12:11:37                      10
/opt/airflow/dags/dag_full.py                               1           0  1.81s           2025-06-11T12:11:37                      10
================================================================================
[2025-06-11T12:12:18.532+0000] {manager.py:997} INFO - 
================================================================================
DAG File Processing Stats

File Path                          PID    Runtime      # DAGs    # Errors  Last Runtime    Last Run               Last # of DB Queries
---------------------------------  -----  ---------  --------  ----------  --------------  -------------------  ----------------------
/opt/airflow/dags/dag_homework.py                           1           0  2.03s           2025-06-11T12:12:09                      10
/opt/airflow/dags/dag_full.py                               1           0  1.96s           2025-06-11T12:12:09                      10
================================================================================
[2025-06-11T12:12:48.668+0000] {manager.py:997} INFO - 
================================================================================
DAG File Processing Stats

File Path                          PID    Runtime      # DAGs    # Errors  Last Runtime    Last Run               Last # of DB Queries
---------------------------------  -----  ---------  --------  ----------  --------------  -------------------  ----------------------
/opt/airflow/dags/dag_homework.py                           1           0  1.93s           2025-06-11T12:12:41                      10
/opt/airflow/dags/dag_full.py                               1           0  1.89s           2025-06-11T12:12:41                      10
================================================================================
[2025-06-11T12:13:18.800+0000] {manager.py:997} INFO - 
================================================================================
DAG File Processing Stats

File Path                          PID    Runtime      # DAGs    # Errors  Last Runtime    Last Run               Last # of DB Queries
---------------------------------  -----  ---------  --------  ----------  --------------  -------------------  ----------------------
/opt/airflow/dags/dag_full.py                               1           0  1.98s           2025-06-11T12:13:13                      10
/opt/airflow/dags/dag_homework.py                           1           0  1.92s           2025-06-11T12:13:13                      10
================================================================================
[2025-06-11T12:13:49.135+0000] {manager.py:997} INFO - 
================================================================================
DAG File Processing Stats

File Path                          PID    Runtime      # DAGs    # Errors  Last Runtime    Last Run               Last # of DB Queries
---------------------------------  -----  ---------  --------  ----------  --------------  -------------------  ----------------------
/opt/airflow/dags/dag_homework.py                           1           0  2.12s           2025-06-11T12:13:46                      10
/opt/airflow/dags/dag_full.py                               1           0  2.11s           2025-06-11T12:13:46                      10
================================================================================
[2025-06-11T12:14:19.404+0000] {manager.py:997} INFO - 
================================================================================
DAG File Processing Stats

File Path                          PID    Runtime      # DAGs    # Errors  Last Runtime    Last Run               Last # of DB Queries
---------------------------------  -----  ---------  --------  ----------  --------------  -------------------  ----------------------
/opt/airflow/dags/dag_full.py                               1           0  2.07s           2025-06-11T12:14:18                      10
/opt/airflow/dags/dag_homework.py                           1           0  2.05s           2025-06-11T12:14:18                      10
================================================================================
[2025-06-11T12:14:42.555+0000] {manager.py:821} INFO - Searching for files in /opt/airflow/dags
[2025-06-11T12:14:42.561+0000] {manager.py:824} INFO - There are 2 files in /opt/airflow/dags
[2025-06-11T12:15:39.994+0000] {manager.py:997} INFO - 
================================================================================
DAG File Processing Stats

File Path                          PID    Runtime      # DAGs    # Errors  Last Runtime    Last Run               Last # of DB Queries
---------------------------------  -----  ---------  --------  ----------  --------------  -------------------  ----------------------
/opt/airflow/dags/dag_full.py                               1           0  2.07s           2025-06-11T12:14:18                      10
/opt/airflow/dags/dag_homework.py                           1           0  2.05s           2025-06-11T12:14:18                      10
================================================================================
[2025-06-11T12:17:43.171+0000] {manager.py:1366} ERROR - Processor for /opt/airflow/dags/dag_homework.py with PID 1222 started at 2025-06-11T12:15:40.190144+00:00 has timed out, killing it.
[2025-06-11T12:17:46.615+0000] {manager.py:1366} ERROR - Processor for /opt/airflow/dags/dag_full.py with PID 1223 started at 2025-06-11T12:15:40.274299+00:00 has timed out, killing it.
[2025-06-11T12:17:46.855+0000] {manager.py:997} INFO - 
================================================================================
DAG File Processing Stats

File Path                          PID    Runtime      # DAGs    # Errors  Last Runtime    Last Run               Last # of DB Queries
---------------------------------  -----  ---------  --------  ----------  --------------  -------------------  ----------------------
/opt/airflow/dags/dag_homework.py                           0           1  121.60s         2025-06-11T12:17:41                       0
/opt/airflow/dags/dag_full.py                               0           1  121.52s         2025-06-11T12:17:41                       0
================================================================================
[2025-06-11T12:20:35.762+0000] {manager.py:997} INFO - 
================================================================================
DAG File Processing Stats

File Path                            PID  Runtime      # DAGs    # Errors  Last Runtime    Last Run               Last # of DB Queries
---------------------------------  -----  ---------  --------  ----------  --------------  -------------------  ----------------------
/opt/airflow/dags/dag_homework.py   1224  79.40s            0           1  121.60s         2025-06-11T12:17:41                       0
/opt/airflow/dags/dag_full.py       1225  0.44s             0           1  121.52s         2025-06-11T12:17:41                       0
================================================================================
[2025-06-11T12:35:55.737+0000] {manager.py:821} INFO - Searching for files in /opt/airflow/dags
[2025-06-11T12:35:55.827+0000] {manager.py:824} INFO - There are 2 files in /opt/airflow/dags
[2025-06-11T12:35:56.252+0000] {manager.py:1366} ERROR - Processor for /opt/airflow/dags/dag_homework.py with PID 1224 started at 2025-06-11T12:19:16.064345+00:00 has timed out, killing it.
[2025-06-11T12:35:56.265+0000] {manager.py:1366} ERROR - Processor for /opt/airflow/dags/dag_full.py with PID 1225 started at 2025-06-11T12:20:35.024684+00:00 has timed out, killing it.
[2025-06-11T12:35:56.314+0000] {manager.py:997} INFO - 
================================================================================
DAG File Processing Stats

File Path                          PID    Runtime      # DAGs    # Errors  Last Runtime    Last Run               Last # of DB Queries
---------------------------------  -----  ---------  --------  ----------  --------------  -------------------  ----------------------
/opt/airflow/dags/dag_homework.py                           0           1  1000.19s        2025-06-11T12:35:56                       0
/opt/airflow/dags/dag_full.py                               0           1  921.23s         2025-06-11T12:35:56                       0
================================================================================
[2025-06-11T12:36:26.696+0000] {manager.py:997} INFO - 
================================================================================
DAG File Processing Stats

File Path                            PID  Runtime      # DAGs    # Errors  Last Runtime    Last Run               Last # of DB Queries
---------------------------------  -----  ---------  --------  ----------  --------------  -------------------  ----------------------
/opt/airflow/dags/dag_homework.py   1242  0.01s             0           1  1000.19s        2025-06-11T12:35:56                       0
/opt/airflow/dags/dag_full.py                               1           0  5.66s           2025-06-11T12:36:02                      40
================================================================================
[2025-06-11T12:36:56.810+0000] {manager.py:997} INFO - 
================================================================================
DAG File Processing Stats

File Path                          PID    Runtime      # DAGs    # Errors  Last Runtime    Last Run               Last # of DB Queries
---------------------------------  -----  ---------  --------  ----------  --------------  -------------------  ----------------------
/opt/airflow/dags/dag_homework.py                           1           0  2.35s           2025-06-11T12:36:29                      32
/opt/airflow/dags/dag_full.py                               1           0  1.89s           2025-06-11T12:36:34                      18
================================================================================
[2025-06-11T12:37:27.064+0000] {manager.py:997} INFO - 
================================================================================
DAG File Processing Stats

File Path                          PID    Runtime      # DAGs    # Errors  Last Runtime    Last Run               Last # of DB Queries
---------------------------------  -----  ---------  --------  ----------  --------------  -------------------  ----------------------
/opt/airflow/dags/dag_full.py                               1           0  2.09s           2025-06-11T12:37:06                      10
/opt/airflow/dags/dag_homework.py                           1           0  1.85s           2025-06-11T12:37:01                      10
================================================================================
[2025-06-11T12:37:57.376+0000] {manager.py:997} INFO - 
================================================================================
DAG File Processing Stats

File Path                          PID    Runtime      # DAGs    # Errors  Last Runtime    Last Run               Last # of DB Queries
---------------------------------  -----  ---------  --------  ----------  --------------  -------------------  ----------------------
/opt/airflow/dags/dag_full.py                               1           0  2.12s           2025-06-11T12:37:39                      10
/opt/airflow/dags/dag_homework.py                           1           0  1.78s           2025-06-11T12:37:32                      10
================================================================================
[2025-06-11T12:38:27.679+0000] {manager.py:997} INFO - 
================================================================================
DAG File Processing Stats

File Path                          PID    Runtime      # DAGs    # Errors  Last Runtime    Last Run               Last # of DB Queries
---------------------------------  -----  ---------  --------  ----------  --------------  -------------------  ----------------------
/opt/airflow/dags/dag_full.py                               1           0  2.14s           2025-06-11T12:38:11                      10
/opt/airflow/dags/dag_homework.py                           1           0  1.77s           2025-06-11T12:38:05                      10
================================================================================
[2025-06-11T12:38:57.703+0000] {manager.py:997} INFO - 
================================================================================
DAG File Processing Stats

File Path                          PID    Runtime      # DAGs    # Errors  Last Runtime    Last Run               Last # of DB Queries
---------------------------------  -----  ---------  --------  ----------  --------------  -------------------  ----------------------
/opt/airflow/dags/dag_full.py                               1           0  1.96s           2025-06-11T12:38:43                      10
/opt/airflow/dags/dag_homework.py                           1           0  1.81s           2025-06-11T12:38:37                      10
================================================================================
[2025-06-11T12:39:27.725+0000] {manager.py:997} INFO - 
================================================================================
DAG File Processing Stats

File Path                          PID    Runtime      # DAGs    # Errors  Last Runtime    Last Run               Last # of DB Queries
---------------------------------  -----  ---------  --------  ----------  --------------  -------------------  ----------------------
/opt/airflow/dags/dag_homework.py                           1           0  1.80s           2025-06-11T12:39:09                      10
/opt/airflow/dags/dag_full.py                               1           0  1.79s           2025-06-11T12:39:15                      10
================================================================================
[2025-06-11T12:39:57.810+0000] {manager.py:997} INFO - 
================================================================================
DAG File Processing Stats

File Path                          PID    Runtime      # DAGs    # Errors  Last Runtime    Last Run               Last # of DB Queries
---------------------------------  -----  ---------  --------  ----------  --------------  -------------------  ----------------------
/opt/airflow/dags/dag_homework.py                           1           0  1.87s           2025-06-11T12:39:41                      10
/opt/airflow/dags/dag_full.py                               1           0  1.80s           2025-06-11T12:39:47                      10
================================================================================
[2025-06-11T12:40:27.831+0000] {manager.py:997} INFO - 
================================================================================
DAG File Processing Stats

File Path                          PID    Runtime      # DAGs    # Errors  Last Runtime    Last Run               Last # of DB Queries
---------------------------------  -----  ---------  --------  ----------  --------------  -------------------  ----------------------
/opt/airflow/dags/dag_full.py                               1           0  1.89s           2025-06-11T12:40:19                      10
/opt/airflow/dags/dag_homework.py                           1           0  1.80s           2025-06-11T12:40:13                      10
================================================================================
[2025-06-11T12:40:55.796+0000] {manager.py:821} INFO - Searching for files in /opt/airflow/dags
[2025-06-11T12:40:55.800+0000] {manager.py:824} INFO - There are 2 files in /opt/airflow/dags
[2025-06-11T12:40:57.837+0000] {manager.py:997} INFO - 
================================================================================
DAG File Processing Stats

File Path                          PID    Runtime      # DAGs    # Errors  Last Runtime    Last Run               Last # of DB Queries
---------------------------------  -----  ---------  --------  ----------  --------------  -------------------  ----------------------
/opt/airflow/dags/dag_full.py                               1           0  1.86s           2025-06-11T12:40:52                      10
/opt/airflow/dags/dag_homework.py                           1           0  1.76s           2025-06-11T12:40:45                      10
================================================================================
[2025-06-11T12:41:28.069+0000] {manager.py:997} INFO - 
================================================================================
DAG File Processing Stats

File Path                          PID    Runtime      # DAGs    # Errors  Last Runtime    Last Run               Last # of DB Queries
---------------------------------  -----  ---------  --------  ----------  --------------  -------------------  ----------------------
/opt/airflow/dags/dag_full.py                               1           0  2.64s           2025-06-11T12:41:25                      10
/opt/airflow/dags/dag_homework.py                           1           0  2.03s           2025-06-11T12:41:17                      10
================================================================================
[2025-06-11T12:41:58.211+0000] {manager.py:997} INFO - 
================================================================================
DAG File Processing Stats

File Path                          PID    Runtime      # DAGs    # Errors  Last Runtime    Last Run               Last # of DB Queries
---------------------------------  -----  ---------  --------  ----------  --------------  -------------------  ----------------------
/opt/airflow/dags/dag_homework.py                           1           0  1.95s           2025-06-11T12:41:50                      10
/opt/airflow/dags/dag_full.py                               1           0  1.93s           2025-06-11T12:41:57                      10
================================================================================
[2025-06-11T12:42:28.263+0000] {manager.py:997} INFO - 
================================================================================
DAG File Processing Stats

File Path                            PID  Runtime      # DAGs    # Errors  Last Runtime    Last Run               Last # of DB Queries
---------------------------------  -----  ---------  --------  ----------  --------------  -------------------  ----------------------
/opt/airflow/dags/dag_full.py       1521  0.22s             1           0  1.93s           2025-06-11T12:41:57                      10
/opt/airflow/dags/dag_homework.py                           1           0  1.85s           2025-06-11T12:42:22                      10
================================================================================
[2025-06-11T12:42:59.068+0000] {manager.py:997} INFO - 
================================================================================
DAG File Processing Stats

File Path                          PID    Runtime      # DAGs    # Errors  Last Runtime    Last Run               Last # of DB Queries
---------------------------------  -----  ---------  --------  ----------  --------------  -------------------  ----------------------
/opt/airflow/dags/dag_full.py                               1           0  1.81s           2025-06-11T12:42:29                      10
/opt/airflow/dags/dag_homework.py                           1           0  1.75s           2025-06-11T12:42:54                      10
================================================================================
[2025-06-11T12:43:29.167+0000] {manager.py:997} INFO - 
================================================================================
DAG File Processing Stats

File Path                          PID    Runtime      # DAGs    # Errors  Last Runtime    Last Run               Last # of DB Queries
---------------------------------  -----  ---------  --------  ----------  --------------  -------------------  ----------------------
/opt/airflow/dags/dag_full.py                               1           0  1.88s           2025-06-11T12:43:01                      10
/opt/airflow/dags/dag_homework.py                           1           0  1.78s           2025-06-11T12:43:26                      10
================================================================================
[2025-06-11T12:43:59.414+0000] {manager.py:997} INFO - 
================================================================================
DAG File Processing Stats

File Path                          PID    Runtime      # DAGs    # Errors  Last Runtime    Last Run               Last # of DB Queries
---------------------------------  -----  ---------  --------  ----------  --------------  -------------------  ----------------------
/opt/airflow/dags/dag_full.py                               1           0  1.83s           2025-06-11T12:43:34                      10
/opt/airflow/dags/dag_homework.py                           1           0  1.82s           2025-06-11T12:43:58                      10
================================================================================
[2025-06-11T12:44:29.634+0000] {manager.py:997} INFO - 
================================================================================
DAG File Processing Stats

File Path                            PID  Runtime      # DAGs    # Errors  Last Runtime    Last Run               Last # of DB Queries
---------------------------------  -----  ---------  --------  ----------  --------------  -------------------  ----------------------
/opt/airflow/dags/dag_homework.py   1608  1.58s             1           0  1.82s           2025-06-11T12:43:58                      10
/opt/airflow/dags/dag_full.py                               1           0  1.81s           2025-06-11T12:44:05                      10
================================================================================
[2025-06-11T12:44:59.653+0000] {manager.py:997} INFO - 
================================================================================
DAG File Processing Stats

File Path                          PID    Runtime      # DAGs    # Errors  Last Runtime    Last Run               Last # of DB Queries
---------------------------------  -----  ---------  --------  ----------  --------------  -------------------  ----------------------
/opt/airflow/dags/dag_full.py                               1           0  1.80s           2025-06-11T12:44:38                      10
/opt/airflow/dags/dag_homework.py                           1           0  1.77s           2025-06-11T12:44:29                      10
================================================================================
[2025-06-11T12:45:29.734+0000] {manager.py:997} INFO - 
================================================================================
DAG File Processing Stats

File Path                          PID    Runtime      # DAGs    # Errors  Last Runtime    Last Run               Last # of DB Queries
---------------------------------  -----  ---------  --------  ----------  --------------  -------------------  ----------------------
/opt/airflow/dags/dag_full.py                               1           0  1.86s           2025-06-11T12:45:10                      10
/opt/airflow/dags/dag_homework.py                           1           0  1.83s           2025-06-11T12:45:01                      10
================================================================================
[2025-06-11T12:45:56.049+0000] {manager.py:821} INFO - Searching for files in /opt/airflow/dags
[2025-06-11T12:45:56.054+0000] {manager.py:824} INFO - There are 2 files in /opt/airflow/dags
[2025-06-11T12:45:59.788+0000] {manager.py:997} INFO - 
================================================================================
DAG File Processing Stats

File Path                          PID    Runtime      # DAGs    # Errors  Last Runtime    Last Run               Last # of DB Queries
---------------------------------  -----  ---------  --------  ----------  --------------  -------------------  ----------------------
/opt/airflow/dags/dag_full.py                               1           0  1.84s           2025-06-11T12:45:42                      10
/opt/airflow/dags/dag_homework.py                           1           0  1.82s           2025-06-11T12:45:33                      10
================================================================================
[2025-06-11T12:46:29.802+0000] {manager.py:997} INFO - 
================================================================================
DAG File Processing Stats

File Path                          PID    Runtime      # DAGs    # Errors  Last Runtime    Last Run               Last # of DB Queries
---------------------------------  -----  ---------  --------  ----------  --------------  -------------------  ----------------------
/opt/airflow/dags/dag_homework.py                           1           0  1.98s           2025-06-11T12:46:06                      10
/opt/airflow/dags/dag_full.py                               1           0  1.79s           2025-06-11T12:46:14                      10
================================================================================
[2025-06-11T12:47:00.447+0000] {manager.py:997} INFO - 
================================================================================
DAG File Processing Stats

File Path                          PID    Runtime      # DAGs    # Errors  Last Runtime    Last Run               Last # of DB Queries
---------------------------------  -----  ---------  --------  ----------  --------------  -------------------  ----------------------
/opt/airflow/dags/dag_homework.py                           1           0  1.97s           2025-06-11T12:46:38                      10
/opt/airflow/dags/dag_full.py                               1           0  1.79s           2025-06-11T12:46:46                      10
================================================================================
[2025-06-11T12:47:30.523+0000] {manager.py:997} INFO - 
================================================================================
DAG File Processing Stats

File Path                          PID    Runtime      # DAGs    # Errors  Last Runtime    Last Run               Last # of DB Queries
---------------------------------  -----  ---------  --------  ----------  --------------  -------------------  ----------------------
/opt/airflow/dags/dag_homework.py                           1           0  1.87s           2025-06-11T12:47:10                      10
/opt/airflow/dags/dag_full.py                               1           0  1.80s           2025-06-11T12:47:18                      10
================================================================================
[2025-06-11T12:48:00.717+0000] {manager.py:997} INFO - 
================================================================================
DAG File Processing Stats

File Path                          PID    Runtime      # DAGs    # Errors  Last Runtime    Last Run               Last # of DB Queries
---------------------------------  -----  ---------  --------  ----------  --------------  -------------------  ----------------------
/opt/airflow/dags/dag_homework.py                           1           0  1.98s           2025-06-11T12:47:42                      10
/opt/airflow/dags/dag_full.py                               1           0  1.84s           2025-06-11T12:47:50                      10
================================================================================
[2025-06-11T12:48:30.843+0000] {manager.py:997} INFO - 
================================================================================
DAG File Processing Stats

File Path                          PID    Runtime      # DAGs    # Errors  Last Runtime    Last Run               Last # of DB Queries
---------------------------------  -----  ---------  --------  ----------  --------------  -------------------  ----------------------
/opt/airflow/dags/dag_homework.py                           1           0  2.02s           2025-06-11T12:48:14                      10
/opt/airflow/dags/dag_full.py                               1           0  1.90s           2025-06-11T12:48:22                      10
================================================================================
[2025-06-11T12:49:00.861+0000] {manager.py:997} INFO - 
================================================================================
DAG File Processing Stats

File Path                          PID    Runtime      # DAGs    # Errors  Last Runtime    Last Run               Last # of DB Queries
---------------------------------  -----  ---------  --------  ----------  --------------  -------------------  ----------------------
/opt/airflow/dags/dag_full.py                               1           0  1.93s           2025-06-11T12:48:54                      10
/opt/airflow/dags/dag_homework.py                           1           0  1.71s           2025-06-11T12:48:46                      10
================================================================================
[2025-06-11T12:49:31.367+0000] {manager.py:997} INFO - 
================================================================================
DAG File Processing Stats

File Path                          PID    Runtime      # DAGs    # Errors  Last Runtime    Last Run               Last # of DB Queries
---------------------------------  -----  ---------  --------  ----------  --------------  -------------------  ----------------------
/opt/airflow/dags/dag_full.py                               1           0  1.92s           2025-06-11T12:49:27                      10
/opt/airflow/dags/dag_homework.py                           1           0  1.74s           2025-06-11T12:49:18                      10
================================================================================
[2025-06-11T12:50:01.418+0000] {manager.py:997} INFO - 
================================================================================
DAG File Processing Stats

File Path                          PID    Runtime      # DAGs    # Errors  Last Runtime    Last Run               Last # of DB Queries
---------------------------------  -----  ---------  --------  ----------  --------------  -------------------  ----------------------
/opt/airflow/dags/dag_full.py                               1           0  1.83s           2025-06-11T12:49:59                      10
/opt/airflow/dags/dag_homework.py                           1           0  1.65s           2025-06-11T12:49:50                      10
================================================================================
[2025-06-11T12:50:31.889+0000] {manager.py:997} INFO - 
================================================================================
DAG File Processing Stats

File Path                          PID    Runtime      # DAGs    # Errors  Last Runtime    Last Run               Last # of DB Queries
---------------------------------  -----  ---------  --------  ----------  --------------  -------------------  ----------------------
/opt/airflow/dags/dag_full.py                               1           0  1.69s           2025-06-11T12:50:31                      10
/opt/airflow/dags/dag_homework.py                           1           0  1.68s           2025-06-11T12:50:22                      10
================================================================================
[2025-06-11T12:50:56.406+0000] {manager.py:821} INFO - Searching for files in /opt/airflow/dags
[2025-06-11T12:50:56.410+0000] {manager.py:824} INFO - There are 2 files in /opt/airflow/dags
[2025-06-11T12:51:02.498+0000] {manager.py:997} INFO - 
================================================================================
DAG File Processing Stats

File Path                            PID  Runtime      # DAGs    # Errors  Last Runtime    Last Run               Last # of DB Queries
---------------------------------  -----  ---------  --------  ----------  --------------  -------------------  ----------------------
/opt/airflow/dags/dag_full.py       1911  1.02s             1           0  1.69s           2025-06-11T12:50:31                      10
/opt/airflow/dags/dag_homework.py                           1           0  1.64s           2025-06-11T12:50:54                      10
================================================================================
[2025-06-11T12:51:32.557+0000] {manager.py:997} INFO - 
================================================================================
DAG File Processing Stats

File Path                          PID    Runtime      # DAGs    # Errors  Last Runtime    Last Run               Last # of DB Queries
---------------------------------  -----  ---------  --------  ----------  --------------  -------------------  ----------------------
/opt/airflow/dags/dag_full.py                               1           0  1.87s           2025-06-11T12:51:03                      10
/opt/airflow/dags/dag_homework.py                           1           0  1.72s           2025-06-11T12:51:26                      10
================================================================================
[2025-06-11T12:52:02.584+0000] {manager.py:997} INFO - 
================================================================================
DAG File Processing Stats

File Path                          PID    Runtime      # DAGs    # Errors  Last Runtime    Last Run               Last # of DB Queries
---------------------------------  -----  ---------  --------  ----------  --------------  -------------------  ----------------------
/opt/airflow/dags/dag_full.py                               1           0  1.81s           2025-06-11T12:51:35                      10
/opt/airflow/dags/dag_homework.py                           1           0  1.71s           2025-06-11T12:51:58                      10
================================================================================
[2025-06-11T12:52:32.828+0000] {manager.py:997} INFO - 
================================================================================
DAG File Processing Stats

File Path                          PID    Runtime      # DAGs    # Errors  Last Runtime    Last Run               Last # of DB Queries
---------------------------------  -----  ---------  --------  ----------  --------------  -------------------  ----------------------
/opt/airflow/dags/dag_full.py                               1           0  1.80s           2025-06-11T12:52:07                      10
/opt/airflow/dags/dag_homework.py                           1           0  1.64s           2025-06-11T12:52:30                      10
================================================================================
[2025-06-11T12:53:03.138+0000] {manager.py:997} INFO - 
================================================================================
DAG File Processing Stats

File Path                          PID    Runtime      # DAGs    # Errors  Last Runtime    Last Run               Last # of DB Queries
---------------------------------  -----  ---------  --------  ----------  --------------  -------------------  ----------------------
/opt/airflow/dags/dag_full.py                               1           0  1.76s           2025-06-11T12:52:39                      10
/opt/airflow/dags/dag_homework.py                           1           0  1.70s           2025-06-11T12:53:02                      10
================================================================================
[2025-06-11T12:53:33.376+0000] {manager.py:997} INFO - 
================================================================================
DAG File Processing Stats

File Path                            PID  Runtime      # DAGs    # Errors  Last Runtime    Last Run               Last # of DB Queries
---------------------------------  -----  ---------  --------  ----------  --------------  -------------------  ----------------------
/opt/airflow/dags/dag_homework.py   2022  1.02s             1           0  1.70s           2025-06-11T12:53:02                      10
/opt/airflow/dags/dag_full.py                               1           0  1.69s           2025-06-11T12:53:11                      10
================================================================================
[2025-06-11T12:54:03.635+0000] {manager.py:997} INFO - 
================================================================================
DAG File Processing Stats

File Path                          PID    Runtime      # DAGs    # Errors  Last Runtime    Last Run               Last # of DB Queries
---------------------------------  -----  ---------  --------  ----------  --------------  -------------------  ----------------------
/opt/airflow/dags/dag_full.py                               1           0  1.73s           2025-06-11T12:53:43                      10
/opt/airflow/dags/dag_homework.py                           1           0  1.68s           2025-06-11T12:53:34                      10
================================================================================
[2025-06-11T12:54:34.163+0000] {manager.py:997} INFO - 
================================================================================
DAG File Processing Stats

File Path                          PID    Runtime      # DAGs    # Errors  Last Runtime    Last Run               Last # of DB Queries
---------------------------------  -----  ---------  --------  ----------  --------------  -------------------  ----------------------
/opt/airflow/dags/dag_full.py                               1           0  1.77s           2025-06-11T12:54:15                      10
/opt/airflow/dags/dag_homework.py                           1           0  1.70s           2025-06-11T12:54:05                      10
================================================================================
[2025-06-11T12:55:04.501+0000] {manager.py:997} INFO - 
================================================================================
DAG File Processing Stats

File Path                          PID    Runtime      # DAGs    # Errors  Last Runtime    Last Run               Last # of DB Queries
---------------------------------  -----  ---------  --------  ----------  --------------  -------------------  ----------------------
/opt/airflow/dags/dag_homework.py                           1           0  1.72s           2025-06-11T12:54:37                      10
/opt/airflow/dags/dag_full.py                               1           0  1.65s           2025-06-11T12:54:47                      10
================================================================================
[2025-06-11T12:55:35.005+0000] {manager.py:997} INFO - 
================================================================================
DAG File Processing Stats

File Path                          PID    Runtime      # DAGs    # Errors  Last Runtime    Last Run               Last # of DB Queries
---------------------------------  -----  ---------  --------  ----------  --------------  -------------------  ----------------------
/opt/airflow/dags/dag_full.py                               1           0  1.71s           2025-06-11T12:55:19                      10
/opt/airflow/dags/dag_homework.py                           1           0  1.70s           2025-06-11T12:55:09                      10
================================================================================
[2025-06-11T12:55:56.836+0000] {manager.py:821} INFO - Searching for files in /opt/airflow/dags
[2025-06-11T12:55:56.840+0000] {manager.py:824} INFO - There are 2 files in /opt/airflow/dags
[2025-06-11T12:56:05.375+0000] {manager.py:997} INFO - 
================================================================================
DAG File Processing Stats

File Path                          PID    Runtime      # DAGs    # Errors  Last Runtime    Last Run               Last # of DB Queries
---------------------------------  -----  ---------  --------  ----------  --------------  -------------------  ----------------------
/opt/airflow/dags/dag_full.py                               1           0  1.72s           2025-06-11T12:55:51                      10
/opt/airflow/dags/dag_homework.py                           1           0  1.68s           2025-06-11T12:55:41                      10
================================================================================
[2025-06-11T12:56:35.818+0000] {manager.py:997} INFO - 
================================================================================
DAG File Processing Stats

File Path                          PID    Runtime      # DAGs    # Errors  Last Runtime    Last Run               Last # of DB Queries
---------------------------------  -----  ---------  --------  ----------  --------------  -------------------  ----------------------
/opt/airflow/dags/dag_homework.py                           1           0  1.70s           2025-06-11T12:56:13                      10
/opt/airflow/dags/dag_full.py                               1           0  1.68s           2025-06-11T12:56:23                      10
================================================================================
[2025-06-11T12:57:05.902+0000] {manager.py:997} INFO - 
================================================================================
DAG File Processing Stats

File Path                          PID    Runtime      # DAGs    # Errors  Last Runtime    Last Run               Last # of DB Queries
---------------------------------  -----  ---------  --------  ----------  --------------  -------------------  ----------------------
/opt/airflow/dags/dag_homework.py                           1           0  1.87s           2025-06-11T12:56:45                      10
/opt/airflow/dags/dag_full.py                               1           0  1.70s           2025-06-11T12:56:55                      10
================================================================================
[2025-06-11T12:57:35.942+0000] {manager.py:997} INFO - 
================================================================================
DAG File Processing Stats

File Path                          PID    Runtime      # DAGs    # Errors  Last Runtime    Last Run               Last # of DB Queries
---------------------------------  -----  ---------  --------  ----------  --------------  -------------------  ----------------------
/opt/airflow/dags/dag_homework.py                           1           0  1.83s           2025-06-11T12:57:17                      10
/opt/airflow/dags/dag_full.py                               1           0  1.72s           2025-06-11T12:57:27                      10
================================================================================
[2025-06-11T12:58:05.967+0000] {manager.py:997} INFO - 
================================================================================
DAG File Processing Stats

File Path                          PID    Runtime      # DAGs    # Errors  Last Runtime    Last Run               Last # of DB Queries
---------------------------------  -----  ---------  --------  ----------  --------------  -------------------  ----------------------
/opt/airflow/dags/dag_homework.py                           1           0  1.81s           2025-06-11T12:57:49                      10
/opt/airflow/dags/dag_full.py                               1           0  1.74s           2025-06-11T12:57:58                      10
================================================================================
[2025-06-11T12:58:35.971+0000] {manager.py:997} INFO - 
================================================================================
DAG File Processing Stats

File Path                          PID    Runtime      # DAGs    # Errors  Last Runtime    Last Run               Last # of DB Queries
---------------------------------  -----  ---------  --------  ----------  --------------  -------------------  ----------------------
/opt/airflow/dags/dag_full.py                               1           0  1.72s           2025-06-11T12:58:30                      10
/opt/airflow/dags/dag_homework.py                           1           0  1.68s           2025-06-11T12:58:21                      10
================================================================================
[2025-06-11T12:59:06.159+0000] {manager.py:997} INFO - 
================================================================================
DAG File Processing Stats

File Path                          PID    Runtime      # DAGs    # Errors  Last Runtime    Last Run               Last # of DB Queries
---------------------------------  -----  ---------  --------  ----------  --------------  -------------------  ----------------------
/opt/airflow/dags/dag_full.py                               1           0  1.99s           2025-06-11T12:59:03                      10
/opt/airflow/dags/dag_homework.py                           1           0  1.71s           2025-06-11T12:58:53                      10
================================================================================
[2025-06-11T12:59:36.734+0000] {manager.py:997} INFO - 
================================================================================
DAG File Processing Stats

File Path                          PID    Runtime      # DAGs    # Errors  Last Runtime    Last Run               Last # of DB Queries
---------------------------------  -----  ---------  --------  ----------  --------------  -------------------  ----------------------
/opt/airflow/dags/dag_homework.py                           1           0  1.76s           2025-06-11T12:59:25                      10
/opt/airflow/dags/dag_full.py                               1           0  1.71s           2025-06-11T12:59:35                      10
================================================================================
[2025-06-11T13:00:07.080+0000] {manager.py:997} INFO - 
================================================================================
DAG File Processing Stats

File Path                          PID    Runtime      # DAGs    # Errors  Last Runtime    Last Run               Last # of DB Queries
---------------------------------  -----  ---------  --------  ----------  --------------  -------------------  ----------------------
/opt/airflow/dags/dag_full.py                               1           0  1.81s           2025-06-11T13:00:07                      10
/opt/airflow/dags/dag_homework.py                           1           0  1.75s           2025-06-11T12:59:57                      10
================================================================================
[2025-06-11T13:00:37.317+0000] {manager.py:997} INFO - 
================================================================================
DAG File Processing Stats

File Path                            PID  Runtime      # DAGs    # Errors  Last Runtime    Last Run               Last # of DB Queries
---------------------------------  -----  ---------  --------  ----------  --------------  -------------------  ----------------------
/opt/airflow/dags/dag_full.py       2349  0.01s             1           0  1.81s           2025-06-11T13:00:07                      10
/opt/airflow/dags/dag_homework.py                           1           0  1.78s           2025-06-11T13:00:29                      10
================================================================================
[2025-06-11T13:00:57.296+0000] {manager.py:821} INFO - Searching for files in /opt/airflow/dags
[2025-06-11T13:00:57.299+0000] {manager.py:824} INFO - There are 2 files in /opt/airflow/dags
[2025-06-11T13:01:07.928+0000] {manager.py:997} INFO - 
================================================================================
DAG File Processing Stats

File Path                          PID    Runtime      # DAGs    # Errors  Last Runtime    Last Run               Last # of DB Queries
---------------------------------  -----  ---------  --------  ----------  --------------  -------------------  ----------------------
/opt/airflow/dags/dag_homework.py                           1           0  2.42s           2025-06-11T13:01:02                      10
/opt/airflow/dags/dag_full.py                               1           0  1.87s           2025-06-11T13:00:39                      10
================================================================================
[2025-06-11T13:01:38.503+0000] {manager.py:997} INFO - 
================================================================================
DAG File Processing Stats

File Path                          PID    Runtime      # DAGs    # Errors  Last Runtime    Last Run               Last # of DB Queries
---------------------------------  -----  ---------  --------  ----------  --------------  -------------------  ----------------------
/opt/airflow/dags/dag_full.py                               1           0  3.33s           2025-06-11T13:01:12                      10
/opt/airflow/dags/dag_homework.py                           1           0  1.94s           2025-06-11T13:01:34                      10
================================================================================
[2025-06-11T13:02:08.794+0000] {manager.py:997} INFO - 
================================================================================
DAG File Processing Stats

File Path                          PID    Runtime      # DAGs    # Errors  Last Runtime    Last Run               Last # of DB Queries
---------------------------------  -----  ---------  --------  ----------  --------------  -------------------  ----------------------
/opt/airflow/dags/dag_full.py                               1           0  1.73s           2025-06-11T13:01:44                      10
/opt/airflow/dags/dag_homework.py                           1           0  1.66s           2025-06-11T13:02:06                      10
================================================================================
[2025-06-11T13:02:39.179+0000] {manager.py:997} INFO - 
================================================================================
DAG File Processing Stats

File Path                          PID    Runtime      # DAGs    # Errors  Last Runtime    Last Run               Last # of DB Queries
---------------------------------  -----  ---------  --------  ----------  --------------  -------------------  ----------------------
/opt/airflow/dags/dag_full.py                               1           0  1.72s           2025-06-11T13:02:16                      10
/opt/airflow/dags/dag_homework.py                           1           0  1.59s           2025-06-11T13:02:38                      10
================================================================================
[2025-06-11T13:03:09.441+0000] {manager.py:997} INFO - 
================================================================================
DAG File Processing Stats

File Path                            PID  Runtime      # DAGs    # Errors  Last Runtime    Last Run               Last # of DB Queries
---------------------------------  -----  ---------  --------  ----------  --------------  -------------------  ----------------------
/opt/airflow/dags/dag_full.py                               1           0  1.64s           2025-06-11T13:02:48                      10
/opt/airflow/dags/dag_homework.py   2460  1.02s             1           0  1.59s           2025-06-11T13:02:38                      10
================================================================================
[2025-06-11T13:03:39.466+0000] {manager.py:997} INFO - 
================================================================================
DAG File Processing Stats

File Path                          PID    Runtime      # DAGs    # Errors  Last Runtime    Last Run               Last # of DB Queries
---------------------------------  -----  ---------  --------  ----------  --------------  -------------------  ----------------------
/opt/airflow/dags/dag_full.py                               1           0  1.72s           2025-06-11T13:03:20                      10
/opt/airflow/dags/dag_homework.py                           1           0  1.71s           2025-06-11T13:03:10                      10
================================================================================
[2025-06-11T13:04:09.609+0000] {manager.py:997} INFO - 
================================================================================
DAG File Processing Stats

File Path                          PID    Runtime      # DAGs    # Errors  Last Runtime    Last Run               Last # of DB Queries
---------------------------------  -----  ---------  --------  ----------  --------------  -------------------  ----------------------
/opt/airflow/dags/dag_full.py                               1           0  1.93s           2025-06-11T13:03:52                      10
/opt/airflow/dags/dag_homework.py                           1           0  1.62s           2025-06-11T13:03:41                      10
================================================================================
[2025-06-11T13:04:40.287+0000] {manager.py:997} INFO - 
================================================================================
DAG File Processing Stats

File Path                          PID    Runtime      # DAGs    # Errors  Last Runtime    Last Run               Last # of DB Queries
---------------------------------  -----  ---------  --------  ----------  --------------  -------------------  ----------------------
/opt/airflow/dags/dag_homework.py                           1           0  2.06s           2025-06-11T13:04:14                      10
/opt/airflow/dags/dag_full.py                               1           0  1.89s           2025-06-11T13:04:25                      10
================================================================================
