[2025-06-11T12:05:39.747+0000] {local_task_job_runner.py:123} INFO - ::group::Pre task execution logs
[2025-06-11T12:05:39.774+0000] {taskinstance.py:2614} INFO - Dependencies all met for dep_context=non-requeueable deps ti=<TaskInstance: homework_taxi_pipeline.print_homework_answers manual__2025-06-11T12:01:19.497846+00:00 [queued]>
[2025-06-11T12:05:39.787+0000] {taskinstance.py:2614} INFO - Dependencies all met for dep_context=requeueable deps ti=<TaskInstance: homework_taxi_pipeline.print_homework_answers manual__2025-06-11T12:01:19.497846+00:00 [queued]>
[2025-06-11T12:05:39.787+0000] {taskinstance.py:2867} INFO - Starting attempt 1 of 2
[2025-06-11T12:05:39.802+0000] {taskinstance.py:2890} INFO - Executing <Task(PythonOperator): print_homework_answers> on 2025-06-11 12:01:19.497846+00:00
[2025-06-11T12:05:39.821+0000] {warnings.py:112} WARNING - /home/***/.local/lib/python3.12/site-packages/***/task/task_runner/standard_task_runner.py:70: DeprecationWarning: This process (pid=742) is multi-threaded, use of fork() may lead to deadlocks in the child.
  pid = os.fork()

[2025-06-11T12:05:39.824+0000] {standard_task_runner.py:72} INFO - Started process 751 to run task
[2025-06-11T12:05:39.826+0000] {standard_task_runner.py:104} INFO - Running: ['***', 'tasks', 'run', 'homework_taxi_pipeline', 'print_homework_answers', 'manual__2025-06-11T12:01:19.497846+00:00', '--job-id', '9', '--raw', '--subdir', 'DAGS_FOLDER/dag_homework.py', '--cfg-path', '/tmp/tmp3zbg81a8']
[2025-06-11T12:05:39.830+0000] {standard_task_runner.py:105} INFO - Job 9: Subtask print_homework_answers
[2025-06-11T12:05:39.892+0000] {task_command.py:467} INFO - Running <TaskInstance: homework_taxi_pipeline.print_homework_answers manual__2025-06-11T12:01:19.497846+00:00 [running]> on host e64a68750d42
[2025-06-11T12:05:39.990+0000] {taskinstance.py:3134} INFO - Exporting env vars: AIRFLOW_CTX_DAG_OWNER='homework' AIRFLOW_CTX_DAG_ID='homework_taxi_pipeline' AIRFLOW_CTX_TASK_ID='print_homework_answers' AIRFLOW_CTX_EXECUTION_DATE='2025-06-11T12:01:19.497846+00:00' AIRFLOW_CTX_TRY_NUMBER='1' AIRFLOW_CTX_DAG_RUN_ID='manual__2025-06-11T12:01:19.497846+00:00'
[2025-06-11T12:05:39.992+0000] {taskinstance.py:732} INFO - ::endgroup::
[2025-06-11T12:05:40.059+0000] {logging_mixin.py:190} INFO - 
============================================================
[2025-06-11T12:05:40.060+0000] {logging_mixin.py:190} INFO - 🎯 HOMEWORK ANSWERS SUMMARY
[2025-06-11T12:05:40.061+0000] {logging_mixin.py:190} INFO - ============================================================
[2025-06-11T12:05:40.061+0000] {logging_mixin.py:190} INFO - Question 1: Orchestrator Tool = Apache Airflow
[2025-06-11T12:05:40.061+0000] {logging_mixin.py:190} INFO - Question 2: Version = 2.10.5
[2025-06-11T12:05:40.062+0000] {logging_mixin.py:190} INFO - Question 3: Records loaded = 3,403,766
[2025-06-11T12:05:40.062+0000] {logging_mixin.py:190} INFO - Question 4: Records after prep = 3,316,216
[2025-06-11T12:05:40.062+0000] {logging_mixin.py:190} INFO - Question 5: Model intercept = 23.85
[2025-06-11T12:05:40.063+0000] {logging_mixin.py:190} INFO - Question 6: Check MLflow UI (run_id: 10e90770e2ce425a8e7a57d92ca1a159)
[2025-06-11T12:05:40.063+0000] {logging_mixin.py:190} INFO - ============================================================
[2025-06-11T12:05:40.063+0000] {logging_mixin.py:190} INFO - 🔗 Access MLflow UI at: http://localhost:5000
[2025-06-11T12:05:40.064+0000] {logging_mixin.py:190} INFO - 🔗 Access Airflow UI at: http://localhost:8080
[2025-06-11T12:05:40.064+0000] {logging_mixin.py:190} INFO - ============================================================
[2025-06-11T12:05:40.064+0000] {python.py:240} INFO - Done. Returned value was: None
[2025-06-11T12:05:40.079+0000] {taskinstance.py:341} INFO - ::group::Post task execution logs
[2025-06-11T12:05:40.080+0000] {taskinstance.py:353} INFO - Marking task as SUCCESS. dag_id=homework_taxi_pipeline, task_id=print_homework_answers, run_id=manual__2025-06-11T12:01:19.497846+00:00, execution_date=20250611T120119, start_date=20250611T120539, end_date=20250611T120540
[2025-06-11T12:05:40.160+0000] {local_task_job_runner.py:266} INFO - Task exited with return code 0
[2025-06-11T12:05:40.196+0000] {taskinstance.py:3901} INFO - 0 downstream tasks scheduled from follow-on schedule check
[2025-06-11T12:05:40.198+0000] {local_task_job_runner.py:245} INFO - ::endgroup::
